{"C:\\Users\\anaje\\Documents\\Github\\data_ai_ml\\leaflet-product-extractor\\frontend\\src\\App.tsx": {"path":"C:\\Users\\anaje\\Documents\\Github\\data_ai_ml\\leaflet-product-extractor\\frontend\\src\\App.tsx","statementMap":{"0":{"start":{"line":11,"column":22},"end":{"line":76,"column":1}},"1":{"start":{"line":12,"column":46},"end":{"line":12,"column":87}},"2":{"start":{"line":13,"column":48},"end":{"line":13,"column":78}},"3":{"start":{"line":15,"column":35},"end":{"line":17,"column":3}},"4":{"start":{"line":16,"column":4},"end":{"line":16,"column":28}},"5":{"start":{"line":19,"column":29},"end":{"line":21,"column":3}},"6":{"start":{"line":20,"column":4},"end":{"line":20,"column":32}},"7":{"start":{"line":23,"column":27},"end":{"line":25,"column":3}},"8":{"start":{"line":24,"column":4},"end":{"line":24,"column":29}},"9":{"start":{"line":27,"column":2},"end":{"line":75,"column":4}}},"fnMap":{"0":{"name":"(anonymous_0)","decl":{"start":{"line":11,"column":22},"end":{"line":11,"column":23}},"loc":{"start":{"line":11,"column":28},"end":{"line":76,"column":1}},"line":11},"1":{"name":"(anonymous_1)","decl":{"start":{"line":15,"column":35},"end":{"line":15,"column":36}},"loc":{"start":{"line":15,"column":65},"end":{"line":17,"column":3}},"line":15},"2":{"name":"(anonymous_2)","decl":{"start":{"line":19,"column":29},"end":{"line":19,"column":30}},"loc":{"start":{"line":19,"column":51},"end":{"line":21,"column":3}},"line":19},"3":{"name":"(anonymous_3)","decl":{"start":{"line":23,"column":27},"end":{"line":23,"column":28}},"loc":{"start":{"line":23,"column":33},"end":{"line":25,"column":3}},"line":23}},"branchMap":{"0":{"loc":{"start":{"line":37,"column":9},"end":{"line":61,"column":9}},"type":"binary-expr","locations":[{"start":{"line":37,"column":9},"end":{"line":37,"column":23}},{"start":{"line":38,"column":10},"end":{"line":60,"column":16}}],"line":37},"1":{"loc":{"start":{"line":48,"column":17},"end":{"line":52,"column":17}},"type":"binary-expr","locations":[{"start":{"line":48,"column":17},"end":{"line":48,"column":41}},{"start":{"line":49,"column":18},"end":{"line":51,"column":25}}],"line":48}},"s":{"0":1,"1":3,"2":3,"3":3,"4":0,"5":3,"6":0,"7":3,"8":0,"9":3},"f":{"0":3,"1":0,"2":0,"3":0},"b":{"0":[3,0],"1":[0,0]},"_coverageSchema":"1a1c01bbd47fc00a2c39e90264f33305004495a9","hash":"a7fd0386ac9e07eee83fd3767c84a0857b903b94"}
,"C:\\Users\\anaje\\Documents\\Github\\data_ai_ml\\leaflet-product-extractor\\frontend\\src\\index.tsx": {"path":"C:\\Users\\anaje\\Documents\\Github\\data_ai_ml\\leaflet-product-extractor\\frontend\\src\\index.tsx","statementMap":{"0":{"start":{"line":6,"column":13},"end":{"line":8,"column":1}},"1":{"start":{"line":10,"column":0},"end":{"line":14,"column":2}}},"fnMap":{},"branchMap":{},"s":{"0":0,"1":0},"f":{},"b":{}}
,"C:\\Users\\anaje\\Documents\\Github\\data_ai_ml\\leaflet-product-extractor\\frontend\\src\\components\\ProductDetails.tsx": {"path":"C:\\Users\\anaje\\Documents\\Github\\data_ai_ml\\leaflet-product-extractor\\frontend\\src\\components\\ProductDetails.tsx","statementMap":{"0":{"start":{"line":12,"column":54},"end":{"line":98,"column":1}},"1":{"start":{"line":13,"column":2},"end":{"line":13,"column":28}},"2":{"start":{"line":13,"column":16},"end":{"line":13,"column":28}},"3":{"start":{"line":15,"column":2},"end":{"line":97,"column":4}},"4":{"start":{"line":17,"column":53},"end":{"line":17,"column":72}}},"fnMap":{"0":{"name":"(anonymous_0)","decl":{"start":{"line":12,"column":54},"end":{"line":12,"column":55}},"loc":{"start":{"line":12,"column":80},"end":{"line":98,"column":1}},"line":12},"1":{"name":"(anonymous_1)","decl":{"start":{"line":17,"column":46},"end":{"line":17,"column":47}},"loc":{"start":{"line":17,"column":53},"end":{"line":17,"column":72}},"line":17}},"branchMap":{"0":{"loc":{"start":{"line":13,"column":2},"end":{"line":13,"column":28}},"type":"if","locations":[{"start":{"line":13,"column":2},"end":{"line":13,"column":28}},{"start":{},"end":{}}],"line":13},"1":{"loc":{"start":{"line":31,"column":11},"end":{"line":36,"column":11}},"type":"binary-expr","locations":[{"start":{"line":31,"column":11},"end":{"line":31,"column":30}},{"start":{"line":32,"column":12},"end":{"line":35,"column":18}}],"line":31},"2":{"loc":{"start":{"line":45,"column":11},"end":{"line":52,"column":11}},"type":"binary-expr","locations":[{"start":{"line":45,"column":11},"end":{"line":45,"column":29}},{"start":{"line":46,"column":12},"end":{"line":51,"column":18}}],"line":45},"3":{"loc":{"start":{"line":54,"column":11},"end":{"line":59,"column":11}},"type":"binary-expr","locations":[{"start":{"line":54,"column":11},"end":{"line":54,"column":32}},{"start":{"line":55,"column":12},"end":{"line":58,"column":18}}],"line":54},"4":{"loc":{"start":{"line":74,"column":11},"end":{"line":82,"column":11}},"type":"binary-expr","locations":[{"start":{"line":74,"column":11},"end":{"line":74,"column":27}},{"start":{"line":75,"column":12},"end":{"line":81,"column":18}}],"line":74}},"s":{"0":1,"1":3,"2":3,"3":0,"4":0},"f":{"0":3,"1":0},"b":{"0":[3,0],"1":[0,0],"2":[0,0],"3":[0,0],"4":[0,0]},"_coverageSchema":"1a1c01bbd47fc00a2c39e90264f33305004495a9","hash":"6f4b93ba732104f0026f19fe8511fbe10b2fd257"}
,"C:\\Users\\anaje\\Documents\\Github\\data_ai_ml\\leaflet-product-extractor\\frontend\\src\\components\\ProductTable.tsx": {"path":"C:\\Users\\anaje\\Documents\\Github\\data_ai_ml\\leaflet-product-extractor\\frontend\\src\\components\\ProductTable.tsx","statementMap":{"0":{"start":{"line":15,"column":50},"end":{"line":122,"column":1}},"1":{"start":{"line":16,"column":36},"end":{"line":16,"column":63}},"2":{"start":{"line":17,"column":44},"end":{"line":17,"column":74}},"3":{"start":{"line":18,"column":38},"end":{"line":18,"column":50}},"4":{"start":{"line":20,"column":21},"end":{"line":27,"column":3}},"5":{"start":{"line":21,"column":4},"end":{"line":26,"column":5}},"6":{"start":{"line":22,"column":6},"end":{"line":22,"column":65}},"7":{"start":{"line":24,"column":6},"end":{"line":24,"column":26}},"8":{"start":{"line":25,"column":6},"end":{"line":25,"column":30}},"9":{"start":{"line":29,"column":36},"end":{"line":55,"column":54}},"10":{"start":{"line":30,"column":19},"end":{"line":30,"column":27}},"11":{"start":{"line":33,"column":4},"end":{"line":37,"column":5}},"12":{"start":{"line":34,"column":6},"end":{"line":36,"column":8}},"13":{"start":{"line":35,"column":8},"end":{"line":35,"column":69}},"14":{"start":{"line":40,"column":19},"end":{"line":52,"column":6}},"15":{"start":{"line":41,"column":24},"end":{"line":41,"column":36}},"16":{"start":{"line":42,"column":24},"end":{"line":42,"column":36}},"17":{"start":{"line":44,"column":6},"end":{"line":47,"column":7}},"18":{"start":{"line":45,"column":8},"end":{"line":45,"column":38}},"19":{"start":{"line":46,"column":8},"end":{"line":46,"column":38}},"20":{"start":{"line":49,"column":6},"end":{"line":49,"column":67}},"21":{"start":{"line":49,"column":27},"end":{"line":49,"column":67}},"22":{"start":{"line":50,"column":6},"end":{"line":50,"column":67}},"23":{"start":{"line":50,"column":27},"end":{"line":50,"column":67}},"24":{"start":{"line":51,"column":6},"end":{"line":51,"column":15}},"25":{"start":{"line":54,"column":4},"end":{"line":54,"column":18}},"26":{"start":{"line":57,"column":2},"end":{"line":63,"column":3}},"27":{"start":{"line":58,"column":4},"end":{"line":62,"column":6}},"28":{"start":{"line":65,"column":2},"end":{"line":121,"column":4}},"29":{"start":{"line":73,"column":27},"end":{"line":73,"column":56}},"30":{"start":{"line":81,"column":31},"end":{"line":81,"column":49}},"31":{"start":{"line":85,"column":31},"end":{"line":85,"column":50}},"32":{"start":{"line":90,"column":31},"end":{"line":90,"column":55}},"33":{"start":{"line":97,"column":12},"end":{"line":116,"column":17}},"34":{"start":{"line":97,"column":48},"end":{"line":97,"column":71}}},"fnMap":{"0":{"name":"(anonymous_0)","decl":{"start":{"line":15,"column":50},"end":{"line":15,"column":51}},"loc":{"start":{"line":15,"column":84},"end":{"line":122,"column":1}},"line":15},"1":{"name":"(anonymous_1)","decl":{"start":{"line":20,"column":21},"end":{"line":20,"column":22}},"loc":{"start":{"line":20,"column":43},"end":{"line":27,"column":3}},"line":20},"2":{"name":"(anonymous_2)","decl":{"start":{"line":29,"column":44},"end":{"line":29,"column":45}},"loc":{"start":{"line":29,"column":50},"end":{"line":55,"column":3}},"line":29},"3":{"name":"(anonymous_3)","decl":{"start":{"line":34,"column":33},"end":{"line":34,"column":34}},"loc":{"start":{"line":35,"column":8},"end":{"line":35,"column":69}},"line":35},"4":{"name":"(anonymous_4)","decl":{"start":{"line":40,"column":38},"end":{"line":40,"column":39}},"loc":{"start":{"line":40,"column":48},"end":{"line":52,"column":5}},"line":40},"5":{"name":"(anonymous_5)","decl":{"start":{"line":73,"column":20},"end":{"line":73,"column":21}},"loc":{"start":{"line":73,"column":27},"end":{"line":73,"column":56}},"line":73},"6":{"name":"(anonymous_6)","decl":{"start":{"line":81,"column":25},"end":{"line":81,"column":26}},"loc":{"start":{"line":81,"column":31},"end":{"line":81,"column":49}},"line":81},"7":{"name":"(anonymous_7)","decl":{"start":{"line":85,"column":25},"end":{"line":85,"column":26}},"loc":{"start":{"line":85,"column":31},"end":{"line":85,"column":50}},"line":85},"8":{"name":"(anonymous_8)","decl":{"start":{"line":90,"column":25},"end":{"line":90,"column":26}},"loc":{"start":{"line":90,"column":31},"end":{"line":90,"column":55}},"line":90},"9":{"name":"(anonymous_9)","decl":{"start":{"line":96,"column":41},"end":{"line":96,"column":42}},"loc":{"start":{"line":97,"column":12},"end":{"line":116,"column":17}},"line":97},"10":{"name":"(anonymous_10)","decl":{"start":{"line":97,"column":42},"end":{"line":97,"column":43}},"loc":{"start":{"line":97,"column":48},"end":{"line":97,"column":71}},"line":97}},"branchMap":{"0":{"loc":{"start":{"line":21,"column":4},"end":{"line":26,"column":5}},"type":"if","locations":[{"start":{"line":21,"column":4},"end":{"line":26,"column":5}},{"start":{"line":23,"column":11},"end":{"line":26,"column":5}}],"line":21},"1":{"loc":{"start":{"line":22,"column":23},"end":{"line":22,"column":63}},"type":"cond-expr","locations":[{"start":{"line":22,"column":49},"end":{"line":22,"column":55}},{"start":{"line":22,"column":58},"end":{"line":22,"column":63}}],"line":22},"2":{"loc":{"start":{"line":33,"column":4},"end":{"line":37,"column":5}},"type":"if","locations":[{"start":{"line":33,"column":4},"end":{"line":37,"column":5}},{"start":{},"end":{}}],"line":33},"3":{"loc":{"start":{"line":44,"column":6},"end":{"line":47,"column":7}},"type":"if","locations":[{"start":{"line":44,"column":6},"end":{"line":47,"column":7}},{"start":{},"end":{}}],"line":44},"4":{"loc":{"start":{"line":49,"column":6},"end":{"line":49,"column":67}},"type":"if","locations":[{"start":{"line":49,"column":6},"end":{"line":49,"column":67}},{"start":{},"end":{}}],"line":49},"5":{"loc":{"start":{"line":49,"column":34},"end":{"line":49,"column":66}},"type":"cond-expr","locations":[{"start":{"line":49,"column":60},"end":{"line":49,"column":62}},{"start":{"line":49,"column":65},"end":{"line":49,"column":66}}],"line":49},"6":{"loc":{"start":{"line":50,"column":6},"end":{"line":50,"column":67}},"type":"if","locations":[{"start":{"line":50,"column":6},"end":{"line":50,"column":67}},{"start":{},"end":{}}],"line":50},"7":{"loc":{"start":{"line":50,"column":34},"end":{"line":50,"column":66}},"type":"cond-expr","locations":[{"start":{"line":50,"column":60},"end":{"line":50,"column":61}},{"start":{"line":50,"column":64},"end":{"line":50,"column":66}}],"line":50},"8":{"loc":{"start":{"line":57,"column":2},"end":{"line":63,"column":3}},"type":"if","locations":[{"start":{"line":57,"column":2},"end":{"line":63,"column":3}},{"start":{},"end":{}}],"line":57},"9":{"loc":{"start":{"line":82,"column":28},"end":{"line":82,"column":89}},"type":"binary-expr","locations":[{"start":{"line":82,"column":28},"end":{"line":82,"column":48}},{"start":{"line":82,"column":53},"end":{"line":82,"column":88}}],"line":82},"10":{"loc":{"start":{"line":82,"column":53},"end":{"line":82,"column":88}},"type":"cond-expr","locations":[{"start":{"line":82,"column":79},"end":{"line":82,"column":82}},{"start":{"line":82,"column":85},"end":{"line":82,"column":88}}],"line":82},"11":{"loc":{"start":{"line":86,"column":21},"end":{"line":86,"column":83}},"type":"binary-expr","locations":[{"start":{"line":86,"column":21},"end":{"line":86,"column":42}},{"start":{"line":86,"column":47},"end":{"line":86,"column":82}}],"line":86},"12":{"loc":{"start":{"line":86,"column":47},"end":{"line":86,"column":82}},"type":"cond-expr","locations":[{"start":{"line":86,"column":73},"end":{"line":86,"column":76}},{"start":{"line":86,"column":79},"end":{"line":86,"column":82}}],"line":86},"13":{"loc":{"start":{"line":91,"column":26},"end":{"line":91,"column":93}},"type":"binary-expr","locations":[{"start":{"line":91,"column":26},"end":{"line":91,"column":52}},{"start":{"line":91,"column":57},"end":{"line":91,"column":92}}],"line":91},"14":{"loc":{"start":{"line":91,"column":57},"end":{"line":91,"column":92}},"type":"cond-expr","locations":[{"start":{"line":91,"column":83},"end":{"line":91,"column":86}},{"start":{"line":91,"column":89},"end":{"line":91,"column":92}}],"line":91},"15":{"loc":{"start":{"line":99,"column":19},"end":{"line":99,"column":45}},"type":"binary-expr","locations":[{"start":{"line":99,"column":19},"end":{"line":99,"column":38}},{"start":{"line":99,"column":42},"end":{"line":99,"column":45}}],"line":99},"16":{"loc":{"start":{"line":104,"column":17},"end":{"line":104,"column":95}},"type":"cond-expr","locations":[{"start":{"line":104,"column":38},"end":{"line":104,"column":89}},{"start":{"line":104,"column":92},"end":{"line":104,"column":95}}],"line":104},"17":{"loc":{"start":{"line":107,"column":17},"end":{"line":109,"column":17}},"type":"binary-expr","locations":[{"start":{"line":107,"column":17},"end":{"line":107,"column":38}},{"start":{"line":108,"column":18},"end":{"line":108,"column":84}}],"line":107}},"s":{"0":2,"1":3,"2":3,"3":3,"4":3,"5":0,"6":0,"7":0,"8":0,"9":3,"10":3,"11":3,"12":0,"13":0,"14":3,"15":0,"16":0,"17":0,"18":0,"19":0,"20":0,"21":0,"22":0,"23":0,"24":0,"25":3,"26":3,"27":1,"28":2,"29":0,"30":0,"31":0,"32":0,"33":2,"34":0},"f":{"0":3,"1":0,"2":3,"3":0,"4":0,"5":0,"6":0,"7":0,"8":0,"9":2,"10":0},"b":{"0":[0,0],"1":[0,0],"2":[0,3],"3":[0,0],"4":[0,0],"5":[0,0],"6":[0,0],"7":[0,0],"8":[1,2],"9":[2,2],"10":[2,0],"11":[2,0],"12":[0,0],"13":[2,0],"14":[0,0],"15":[2,2],"16":[0,2],"17":[2,0]},"_coverageSchema":"1a1c01bbd47fc00a2c39e90264f33305004495a9","hash":"db1622254c0a6fb6c963d9319f9763dc837b34d0"}
,"C:\\Users\\anaje\\Documents\\Github\\data_ai_ml\\leaflet-product-extractor\\frontend\\src\\components\\UploadForm.tsx": {"path":"C:\\Users\\anaje\\Documents\\Github\\data_ai_ml\\leaflet-product-extractor\\frontend\\src\\components\\UploadForm.tsx","statementMap":{"0":{"start":{"line":12,"column":46},"end":{"line":118,"column":1}},"1":{"start":{"line":13,"column":26},"end":{"line":13,"column":53}},"2":{"start":{"line":14,"column":32},"end":{"line":14,"column":47}},"3":{"start":{"line":15,"column":28},"end":{"line":15,"column":57}},"4":{"start":{"line":16,"column":38},"end":{"line":16,"column":53}},"5":{"start":{"line":18,"column":21},"end":{"line":26,"column":8}},"6":{"start":{"line":19,"column":4},"end":{"line":19,"column":23}},"7":{"start":{"line":20,"column":4},"end":{"line":20,"column":24}},"8":{"start":{"line":21,"column":4},"end":{"line":25,"column":5}},"9":{"start":{"line":22,"column":6},"end":{"line":22,"column":26}},"10":{"start":{"line":23,"column":11},"end":{"line":25,"column":5}},"11":{"start":{"line":24,"column":6},"end":{"line":24,"column":27}},"12":{"start":{"line":28,"column":21},"end":{"line":37,"column":8}},"13":{"start":{"line":29,"column":4},"end":{"line":29,"column":23}},"14":{"start":{"line":30,"column":4},"end":{"line":30,"column":24}},"15":{"start":{"line":31,"column":4},"end":{"line":31,"column":25}},"16":{"start":{"line":33,"column":4},"end":{"line":36,"column":5}},"17":{"start":{"line":34,"column":6},"end":{"line":34,"column":39}},"18":{"start":{"line":35,"column":6},"end":{"line":35,"column":21}},"19":{"start":{"line":39,"column":23},"end":{"line":45,"column":3}},"20":{"start":{"line":40,"column":4},"end":{"line":40,"column":23}},"21":{"start":{"line":41,"column":4},"end":{"line":44,"column":5}},"22":{"start":{"line":42,"column":6},"end":{"line":42,"column":33}},"23":{"start":{"line":43,"column":6},"end":{"line":43,"column":21}},"24":{"start":{"line":47,"column":23},"end":{"line":67,"column":3}},"25":{"start":{"line":48,"column":4},"end":{"line":48,"column":23}},"26":{"start":{"line":50,"column":4},"end":{"line":53,"column":5}},"27":{"start":{"line":51,"column":6},"end":{"line":51,"column":39}},"28":{"start":{"line":52,"column":6},"end":{"line":52,"column":13}},"29":{"start":{"line":55,"column":4},"end":{"line":55,"column":21}},"30":{"start":{"line":56,"column":4},"end":{"line":56,"column":19}},"31":{"start":{"line":58,"column":4},"end":{"line":66,"column":5}},"32":{"start":{"line":59,"column":21},"end":{"line":59,"column":59}},"33":{"start":{"line":60,"column":6},"end":{"line":60,"column":35}},"34":{"start":{"line":61,"column":6},"end":{"line":61,"column":20}},"35":{"start":{"line":63,"column":6},"end":{"line":63,"column":81}},"36":{"start":{"line":65,"column":6},"end":{"line":65,"column":24}},"37":{"start":{"line":69,"column":2},"end":{"line":117,"column":4}}},"fnMap":{"0":{"name":"(anonymous_0)","decl":{"start":{"line":12,"column":46},"end":{"line":12,"column":47}},"loc":{"start":{"line":12,"column":76},"end":{"line":118,"column":1}},"line":12},"1":{"name":"(anonymous_1)","decl":{"start":{"line":18,"column":33},"end":{"line":18,"column":34}},"loc":{"start":{"line":18,"column":57},"end":{"line":26,"column":3}},"line":18},"2":{"name":"(anonymous_2)","decl":{"start":{"line":28,"column":33},"end":{"line":28,"column":34}},"loc":{"start":{"line":28,"column":57},"end":{"line":37,"column":3}},"line":28},"3":{"name":"(anonymous_3)","decl":{"start":{"line":39,"column":23},"end":{"line":39,"column":24}},"loc":{"start":{"line":39,"column":67},"end":{"line":45,"column":3}},"line":39},"4":{"name":"(anonymous_4)","decl":{"start":{"line":47,"column":23},"end":{"line":47,"column":24}},"loc":{"start":{"line":47,"column":53},"end":{"line":67,"column":3}},"line":47}},"branchMap":{"0":{"loc":{"start":{"line":21,"column":4},"end":{"line":25,"column":5}},"type":"if","locations":[{"start":{"line":21,"column":4},"end":{"line":25,"column":5}},{"start":{"line":23,"column":11},"end":{"line":25,"column":5}}],"line":21},"1":{"loc":{"start":{"line":21,"column":8},"end":{"line":21,"column":55}},"type":"binary-expr","locations":[{"start":{"line":21,"column":8},"end":{"line":21,"column":30}},{"start":{"line":21,"column":34},"end":{"line":21,"column":55}}],"line":21},"2":{"loc":{"start":{"line":23,"column":11},"end":{"line":25,"column":5}},"type":"if","locations":[{"start":{"line":23,"column":11},"end":{"line":25,"column":5}},{"start":{},"end":{}}],"line":23},"3":{"loc":{"start":{"line":33,"column":4},"end":{"line":36,"column":5}},"type":"if","locations":[{"start":{"line":33,"column":4},"end":{"line":36,"column":5}},{"start":{},"end":{}}],"line":33},"4":{"loc":{"start":{"line":33,"column":8},"end":{"line":33,"column":55}},"type":"binary-expr","locations":[{"start":{"line":33,"column":8},"end":{"line":33,"column":28}},{"start":{"line":33,"column":32},"end":{"line":33,"column":55}}],"line":33},"5":{"loc":{"start":{"line":41,"column":4},"end":{"line":44,"column":5}},"type":"if","locations":[{"start":{"line":41,"column":4},"end":{"line":44,"column":5}},{"start":{},"end":{}}],"line":41},"6":{"loc":{"start":{"line":41,"column":8},"end":{"line":41,"column":43}},"type":"binary-expr","locations":[{"start":{"line":41,"column":8},"end":{"line":41,"column":22}},{"start":{"line":41,"column":26},"end":{"line":41,"column":43}}],"line":41},"7":{"loc":{"start":{"line":50,"column":4},"end":{"line":53,"column":5}},"type":"if","locations":[{"start":{"line":50,"column":4},"end":{"line":53,"column":5}},{"start":{},"end":{}}],"line":50},"8":{"loc":{"start":{"line":63,"column":15},"end":{"line":63,"column":79}},"type":"binary-expr","locations":[{"start":{"line":63,"column":15},"end":{"line":63,"column":41}},{"start":{"line":63,"column":45},"end":{"line":63,"column":56}},{"start":{"line":63,"column":60},"end":{"line":63,"column":79}}],"line":63},"9":{"loc":{"start":{"line":75,"column":34},"end":{"line":75,"column":65}},"type":"cond-expr","locations":[{"start":{"line":75,"column":47},"end":{"line":75,"column":60}},{"start":{"line":75,"column":63},"end":{"line":75,"column":65}}],"line":75},"10":{"loc":{"start":{"line":89,"column":13},"end":{"line":99,"column":13}},"type":"cond-expr","locations":[{"start":{"line":90,"column":14},"end":{"line":92,"column":18}},{"start":{"line":94,"column":14},"end":{"line":98,"column":18}}],"line":89},"11":{"loc":{"start":{"line":103,"column":9},"end":{"line":103,"column":62}},"type":"binary-expr","locations":[{"start":{"line":103,"column":9},"end":{"line":103,"column":14}},{"start":{"line":103,"column":18},"end":{"line":103,"column":62}}],"line":103},"12":{"loc":{"start":{"line":105,"column":40},"end":{"line":105,"column":56}},"type":"binary-expr","locations":[{"start":{"line":105,"column":40},"end":{"line":105,"column":45}},{"start":{"line":105,"column":49},"end":{"line":105,"column":56}}],"line":105},"13":{"loc":{"start":{"line":106,"column":11},"end":{"line":106,"column":57}},"type":"cond-expr","locations":[{"start":{"line":106,"column":21},"end":{"line":106,"column":36}},{"start":{"line":106,"column":39},"end":{"line":106,"column":57}}],"line":106},"14":{"loc":{"start":{"line":109,"column":9},"end":{"line":114,"column":9}},"type":"binary-expr","locations":[{"start":{"line":109,"column":9},"end":{"line":109,"column":16}},{"start":{"line":110,"column":10},"end":{"line":113,"column":16}}],"line":109}},"s":{"0":1,"1":3,"2":3,"3":3,"4":3,"5":3,"6":0,"7":0,"8":0,"9":0,"10":0,"11":0,"12":3,"13":0,"14":0,"15":0,"16":0,"17":0,"18":0,"19":3,"20":0,"21":0,"22":0,"23":0,"24":3,"25":0,"26":0,"27":0,"28":0,"29":0,"30":0,"31":0,"32":0,"33":0,"34":0,"35":0,"36":0,"37":3},"f":{"0":3,"1":0,"2":0,"3":0,"4":0},"b":{"0":[0,0],"1":[0,0],"2":[0,0],"3":[0,0],"4":[0,0],"5":[0,0],"6":[0,0],"7":[0,0],"8":[0,0,0],"9":[0,3],"10":[0,3],"11":[3,0],"12":[3,0],"13":[0,3],"14":[3,0]},"_coverageSchema":"1a1c01bbd47fc00a2c39e90264f33305004495a9","hash":"3d22bcf2ae8e95315e995d3c813544c123858a13"}
,"C:\\Users\\anaje\\Documents\\Github\\data_ai_ml\\leaflet-product-extractor\\frontend\\src\\services\\api.ts": {"path":"C:\\Users\\anaje\\Documents\\Github\\data_ai_ml\\leaflet-product-extractor\\frontend\\src\\services\\api.ts","statementMap":{"0":{"start":{"line":7,"column":16},"end":{"line":7,"column":72}},"1":{"start":{"line":13,"column":4},"end":{"line":19,"column":7}},"2":{"start":{"line":26,"column":21},"end":{"line":26,"column":35}},"3":{"start":{"line":27,"column":4},"end":{"line":27,"column":34}},"4":{"start":{"line":29,"column":21},"end":{"line":37,"column":5}},"5":{"start":{"line":39,"column":4},"end":{"line":39,"column":25}},"6":{"start":{"line":46,"column":21},"end":{"line":48,"column":6}},"7":{"start":{"line":50,"column":4},"end":{"line":50,"column":37}},"8":{"start":{"line":57,"column":21},"end":{"line":57,"column":81}},"9":{"start":{"line":58,"column":4},"end":{"line":58,"column":36}},"10":{"start":{"line":65,"column":21},"end":{"line":65,"column":53}},"11":{"start":{"line":66,"column":4},"end":{"line":66,"column":25}},"12":{"start":{"line":70,"column":26},"end":{"line":70,"column":42}}},"fnMap":{"0":{"name":"(anonymous_0)","decl":{"start":{"line":12,"column":2},"end":{"line":12,"column":3}},"loc":{"start":{"line":12,"column":16},"end":{"line":20,"column":3}},"line":12},"1":{"name":"(anonymous_1)","decl":{"start":{"line":25,"column":2},"end":{"line":25,"column":3}},"loc":{"start":{"line":25,"column":65},"end":{"line":40,"column":3}},"line":25},"2":{"name":"(anonymous_2)","decl":{"start":{"line":45,"column":2},"end":{"line":45,"column":3}},"loc":{"start":{"line":45,"column":75},"end":{"line":51,"column":3}},"line":45},"3":{"name":"(anonymous_3)","decl":{"start":{"line":56,"column":2},"end":{"line":56,"column":3}},"loc":{"start":{"line":56,"column":58},"end":{"line":59,"column":3}},"line":56},"4":{"name":"(anonymous_4)","decl":{"start":{"line":64,"column":2},"end":{"line":64,"column":3}},"loc":{"start":{"line":64,"column":68},"end":{"line":67,"column":3}},"line":64}},"branchMap":{"0":{"loc":{"start":{"line":7,"column":16},"end":{"line":7,"column":72}},"type":"binary-expr","locations":[{"start":{"line":7,"column":16},"end":{"line":7,"column":45}},{"start":{"line":7,"column":49},"end":{"line":7,"column":72}}],"line":7},"1":{"loc":{"start":{"line":45,"column":24},"end":{"line":45,"column":42}},"type":"default-arg","locations":[{"start":{"line":45,"column":40},"end":{"line":45,"column":42}}],"line":45}},"s":{"0":0,"1":0,"2":0,"3":0,"4":0,"5":0,"6":0,"7":0,"8":0,"9":0,"10":0,"11":0,"12":0},"f":{"0":0,"1":0,"2":0,"3":0,"4":0},"b":{"0":[0,0],"1":[0]}}
,"C:\\Users\\anaje\\Documents\\Github\\data_ai_ml\\leaflet-product-extractor\\frontend\\src\\types\\product.ts": {"path":"C:\\Users\\anaje\\Documents\\Github\\data_ai_ml\\leaflet-product-extractor\\frontend\\src\\types\\product.ts","statementMap":{},"fnMap":{},"branchMap":{},"s":{},"f":{},"b":{}}
}
